15:06:52.485 [http-nio-8080-exec-9] INFO  c.c.C.service.PostService - Fetching posts for university ID: 6766899ca4dc57074f3854f1 
15:06:52.546 [http-nio-8080-exec-3] INFO  c.c.C.service.PostService - Fetching posts for university ID: 6766899ca4dc57074f3854f1 
15:07:02.443 [http-nio-8080-exec-4] INFO  c.c.C.service.PostService - Fetching posts for university ID: 6766899ca4dc57074f3854f1 
15:07:02.513 [http-nio-8080-exec-7] INFO  c.c.C.service.PostService - Fetching posts for university ID: 6766899ca4dc57074f3854f1 
15:07:10.437 [http-nio-8080-exec-6] INFO  c.c.C.service.PostService - Fetching posts for university ID: 6766899ca4dc57074f3854f1 
15:07:10.501 [http-nio-8080-exec-2] INFO  c.c.C.service.PostService - Fetching posts for university ID: 6766899ca4dc57074f3854f1 
15:09:51.951 [http-nio-8080-exec-5] INFO  c.c.C.service.PostService - Fetching posts for university ID: 6766899ca4dc57074f3854f1 
15:09:52.024 [http-nio-8080-exec-8] INFO  c.c.C.service.PostService - Fetching posts for university ID: 6766899ca4dc57074f3854f1 
15:10:06.158 [http-nio-8080-exec-10] WARN  o.s.w.s.m.s.DefaultHandlerExceptionResolver - Resolved [org.springframework.web.HttpRequestMethodNotSupportedException: Request method 'GET' is not supported] 
15:10:06.174 [http-nio-8080-exec-6] WARN  o.s.w.s.m.s.DefaultHandlerExceptionResolver - Resolved [org.springframework.web.HttpRequestMethodNotSupportedException: Request method 'GET' is not supported] 
15:10:07.966 [http-nio-8080-exec-2] WARN  o.s.w.s.m.s.DefaultHandlerExceptionResolver - Resolved [org.springframework.web.HttpRequestMethodNotSupportedException: Request method 'GET' is not supported] 
15:10:07.972 [http-nio-8080-exec-3] WARN  o.s.w.s.m.s.DefaultHandlerExceptionResolver - Resolved [org.springframework.web.HttpRequestMethodNotSupportedException: Request method 'GET' is not supported] 
15:10:23.158 [http-nio-8080-exec-1] INFO  c.c.C.service.UniversityService - Fetching all students for university ID: 6766899ca4dc57074f3854f1 
15:10:26.806 [http-nio-8080-exec-9] INFO  c.c.C.service.UniversityService - Fetching all students for university ID: 6766899ca4dc57074f3854f1 
15:10:26.807 [http-nio-8080-exec-4] INFO  c.c.C.service.UniversityService - Fetching all students for university ID: 6766899ca4dc57074f3854f1 
15:10:51.158 [http-nio-8080-exec-7] INFO  c.c.C.service.UniversityService - Fetching all students for university ID: 6766899ca4dc57074f3854f1 
15:10:53.024 [http-nio-8080-exec-8] INFO  c.c.C.service.UniversityService - Fetching all students for university ID: 6766899ca4dc57074f3854f1 
15:10:54.302 [http-nio-8080-exec-6] INFO  c.c.C.service.UniversityService - Fetching all students for university ID: 6766899ca4dc57074f3854f1 
15:10:54.302 [http-nio-8080-exec-10] INFO  c.c.C.service.UniversityService - Fetching all students for university ID: 6766899ca4dc57074f3854f1 
15:11:07.156 [http-nio-8080-exec-2] INFO  c.c.C.service.UniversityService - Fetching all students for university ID: 6766899ca4dc57074f3854f1 
15:11:11.020 [http-nio-8080-exec-3] INFO  c.c.C.service.UniversityService - Fetching all students for university ID: 6766899ca4dc57074f3854f1 
15:11:12.356 [http-nio-8080-exec-1] INFO  c.c.C.service.UniversityService - Fetching all students for university ID: 6766899ca4dc57074f3854f1 
15:11:12.356 [http-nio-8080-exec-4] INFO  c.c.C.service.UniversityService - Fetching all students for university ID: 6766899ca4dc57074f3854f1 
15:38:47.361 [background-preinit] INFO  o.h.validator.internal.util.Version - HV000001: Hibernate Validator 8.0.1.Final 
15:38:47.416 [main] INFO  c.c.C.CampusConnectApplication - Starting CampusConnectApplication using Java 21.0.5 with PID 9256 (D:\CampusConnect\target\classes started by Himasnhu Golani in D:\CampusConnect) 
15:38:47.416 [main] DEBUG c.c.C.CampusConnectApplication - Running with Spring Boot v3.3.4, Spring v6.1.13 
15:38:47.416 [main] INFO  c.c.C.CampusConnectApplication - No active profile set, falling back to 1 default profile: "default" 
15:38:48.137 [main] INFO  o.s.d.r.c.RepositoryConfigurationDelegate - Multiple Spring Data modules found, entering strict repository configuration mode 
15:38:48.138 [main] INFO  o.s.d.r.c.RepositoryConfigurationDelegate - Bootstrapping Spring Data MongoDB repositories in DEFAULT mode. 
15:38:48.259 [main] INFO  o.s.d.r.c.RepositoryConfigurationDelegate - Finished Spring Data repository scanning in 116 ms. Found 7 MongoDB repository interfaces. 
15:38:48.273 [main] INFO  o.s.d.r.c.RepositoryConfigurationDelegate - Multiple Spring Data modules found, entering strict repository configuration mode 
15:38:48.274 [main] INFO  o.s.d.r.c.RepositoryConfigurationDelegate - Bootstrapping Spring Data Redis repositories in DEFAULT mode. 
15:38:48.288 [main] INFO  o.s.d.r.c.RepositoryConfigurationExtensionSupport - Spring Data Redis - Could not safely identify store assignment for repository candidate interface com.campusconnect.CampusConnect.repositories.ChatRepository; If you want this repository to be a Redis repository, consider annotating your entities with one of these annotations: org.springframework.data.redis.core.RedisHash (preferred), or consider extending one of the following types with your repository: org.springframework.data.keyvalue.repository.KeyValueRepository 
15:38:48.288 [main] INFO  o.s.d.r.c.RepositoryConfigurationExtensionSupport - Spring Data Redis - Could not safely identify store assignment for repository candidate interface com.campusconnect.CampusConnect.repositories.CompanyRepository; If you want this repository to be a Redis repository, consider annotating your entities with one of these annotations: org.springframework.data.redis.core.RedisHash (preferred), or consider extending one of the following types with your repository: org.springframework.data.keyvalue.repository.KeyValueRepository 
15:38:48.288 [main] INFO  o.s.d.r.c.RepositoryConfigurationExtensionSupport - Spring Data Redis - Could not safely identify store assignment for repository candidate interface com.campusconnect.CampusConnect.repositories.ConfigCampusConnectRepository; If you want this repository to be a Redis repository, consider annotating your entities with one of these annotations: org.springframework.data.redis.core.RedisHash (preferred), or consider extending one of the following types with your repository: org.springframework.data.keyvalue.repository.KeyValueRepository 
15:38:48.288 [main] INFO  o.s.d.r.c.RepositoryConfigurationExtensionSupport - Spring Data Redis - Could not safely identify store assignment for repository candidate interface com.campusconnect.CampusConnect.repositories.MessageRepository; If you want this repository to be a Redis repository, consider annotating your entities with one of these annotations: org.springframework.data.redis.core.RedisHash (preferred), or consider extending one of the following types with your repository: org.springframework.data.keyvalue.repository.KeyValueRepository 
15:38:48.288 [main] INFO  o.s.d.r.c.RepositoryConfigurationExtensionSupport - Spring Data Redis - Could not safely identify store assignment for repository candidate interface com.campusconnect.CampusConnect.repositories.PostRepository; If you want this repository to be a Redis repository, consider annotating your entities with one of these annotations: org.springframework.data.redis.core.RedisHash (preferred), or consider extending one of the following types with your repository: org.springframework.data.keyvalue.repository.KeyValueRepository 
15:38:48.289 [main] INFO  o.s.d.r.c.RepositoryConfigurationExtensionSupport - Spring Data Redis - Could not safely identify store assignment for repository candidate interface com.campusconnect.CampusConnect.repositories.UniversityRepository; If you want this repository to be a Redis repository, consider annotating your entities with one of these annotations: org.springframework.data.redis.core.RedisHash (preferred), or consider extending one of the following types with your repository: org.springframework.data.keyvalue.repository.KeyValueRepository 
15:38:48.289 [main] INFO  o.s.d.r.c.RepositoryConfigurationExtensionSupport - Spring Data Redis - Could not safely identify store assignment for repository candidate interface com.campusconnect.CampusConnect.repositories.UserRepository; If you want this repository to be a Redis repository, consider annotating your entities with one of these annotations: org.springframework.data.redis.core.RedisHash (preferred), or consider extending one of the following types with your repository: org.springframework.data.keyvalue.repository.KeyValueRepository 
15:38:48.289 [main] INFO  o.s.d.r.c.RepositoryConfigurationDelegate - Finished Spring Data repository scanning in 7 ms. Found 0 Redis repository interfaces. 
15:38:48.834 [main] INFO  o.s.b.w.e.tomcat.TomcatWebServer - Tomcat initialized with port 8080 (http) 
15:38:48.856 [main] INFO  o.a.coyote.http11.Http11NioProtocol - Initializing ProtocolHandler ["http-nio-8080"] 
15:38:48.860 [main] INFO  o.a.catalina.core.StandardService - Starting service [Tomcat] 
15:38:48.860 [main] INFO  o.a.catalina.core.StandardEngine - Starting Servlet engine: [Apache Tomcat/10.1.30] 
15:38:48.913 [main] INFO  o.a.c.c.C.[Tomcat].[localhost].[/] - Initializing Spring embedded WebApplicationContext 
15:38:48.915 [main] INFO  o.s.b.w.s.c.ServletWebServerApplicationContext - Root WebApplicationContext: initialization completed in 1460 ms 
15:38:49.143 [cluster-ClusterId{value='676693b1ed38b6355691385b', description='CampusConnect'}-srv-campusconnect.d2vm8.mongodb.net] INFO  org.mongodb.driver.cluster - Adding discovered server campusconnect-shard-00-01.d2vm8.mongodb.net:27017 to client view of cluster 
15:38:49.151 [main] INFO  org.mongodb.driver.client - MongoClient with metadata {"application": {"name": "CampusConnect"}, "driver": {"name": "mongo-java-driver|sync|spring-boot", "version": "5.0.1"}, "os": {"type": "Windows", "name": "Windows 11", "architecture": "amd64", "version": "10.0"}, "platform": "Java/Oracle Corporation/21.0.5+9-LTS-239"} created with settings MongoClientSettings{readPreference=primary, writeConcern=WriteConcern{w=majority, wTimeout=null ms, journal=null}, retryWrites=true, retryReads=true, readConcern=ReadConcern{level=null}, credential=MongoCredential{mechanism=null, userName='campusconnectteamcommon', source='admin', password=<hidden>, mechanismProperties=<hidden>}, transportSettings=null, commandListeners=[], codecRegistry=ProvidersCodecRegistry{codecProviders=[ValueCodecProvider{}, BsonValueCodecProvider{}, DBRefCodecProvider{}, DBObjectCodecProvider{}, DocumentCodecProvider{}, CollectionCodecProvider{}, IterableCodecProvider{}, MapCodecProvider{}, GeoJsonCodecProvider{}, GridFSFileCodecProvider{}, Jsr310CodecProvider{}, JsonObjectCodecProvider{}, BsonCodecProvider{}, EnumCodecProvider{}, com.mongodb.client.model.mql.ExpressionCodecProvider@2aee0704, com.mongodb.Jep395RecordCodecProvider@19a5b637, com.mongodb.KotlinCodecProvider@4f3c7808]}, loggerSettings=LoggerSettings{maxDocumentLength=1000}, clusterSettings={hosts=[127.0.0.1:27017], srvHost=campusconnect.d2vm8.mongodb.net, srvServiceName=mongodb, mode=MULTIPLE, requiredClusterType=REPLICA_SET, requiredReplicaSetName='atlas-z84o76-shard-0', serverSelector='null', clusterListeners='[]', serverSelectionTimeout='30000 ms', localThreshold='15 ms'}, socketSettings=SocketSettings{connectTimeoutMS=10000, readTimeoutMS=0, receiveBufferSize=0, proxySettings=ProxySettings{host=null, port=null, username=null, password=null}}, heartbeatSocketSettings=SocketSettings{connectTimeoutMS=10000, readTimeoutMS=10000, receiveBufferSize=0, proxySettings=ProxySettings{host=null, port=null, username=null, password=null}}, connectionPoolSettings=ConnectionPoolSettings{maxSize=100, minSize=0, maxWaitTimeMS=120000, maxConnectionLifeTimeMS=0, maxConnectionIdleTimeMS=0, maintenanceInitialDelayMS=0, maintenanceFrequencyMS=60000, connectionPoolListeners=[], maxConnecting=2}, serverSettings=ServerSettings{heartbeatFrequencyMS=10000, minHeartbeatFrequencyMS=500, serverListeners='[]', serverMonitorListeners='[]'}, sslSettings=SslSettings{enabled=true, invalidHostNameAllowed=false, context=null}, applicationName='CampusConnect', compressorList=[], uuidRepresentation=JAVA_LEGACY, serverApi=null, autoEncryptionSettings=null, dnsClient=null, inetAddressResolver=null, contextProvider=null} 
15:38:49.168 [cluster-ClusterId{value='676693b1ed38b6355691385b', description='CampusConnect'}-srv-campusconnect.d2vm8.mongodb.net] INFO  org.mongodb.driver.cluster - Adding discovered server campusconnect-shard-00-02.d2vm8.mongodb.net:27017 to client view of cluster 
15:38:49.171 [cluster-ClusterId{value='676693b1ed38b6355691385b', description='CampusConnect'}-srv-campusconnect.d2vm8.mongodb.net] INFO  org.mongodb.driver.cluster - Adding discovered server campusconnect-shard-00-00.d2vm8.mongodb.net:27017 to client view of cluster 
15:38:49.620 [main] INFO  org.mongodb.driver.cluster - Waiting for server to become available for operation with ID 7. Remaining time: 30000 ms. Selector: WritableServerSelector, topology description: {type=REPLICA_SET, servers=[{address=campusconnect-shard-00-01.d2vm8.mongodb.net:27017, type=UNKNOWN, state=CONNECTING}, {address=campusconnect-shard-00-02.d2vm8.mongodb.net:27017, type=UNKNOWN, state=CONNECTING}, {address=campusconnect-shard-00-00.d2vm8.mongodb.net:27017, type=UNKNOWN, state=CONNECTING}]. 
15:38:49.798 [cluster-ClusterId{value='676693b1ed38b6355691385b', description='CampusConnect'}-campusconnect-shard-00-02.d2vm8.mongodb.net:27017] INFO  org.mongodb.driver.cluster - Monitor thread successfully connected to server with description ServerDescription{address=campusconnect-shard-00-02.d2vm8.mongodb.net:27017, type=REPLICA_SET_SECONDARY, state=CONNECTED, ok=true, minWireVersion=0, maxWireVersion=25, maxDocumentSize=16777216, logicalSessionTimeoutMinutes=30, roundTripTimeNanos=356884700, setName='atlas-z84o76-shard-0', canonicalAddress=campusconnect-shard-00-02.d2vm8.mongodb.net:27017, hosts=[campusconnect-shard-00-00.d2vm8.mongodb.net:27017, campusconnect-shard-00-01.d2vm8.mongodb.net:27017, campusconnect-shard-00-02.d2vm8.mongodb.net:27017], passives=[], arbiters=[], primary='campusconnect-shard-00-01.d2vm8.mongodb.net:27017', tagSet=TagSet{[Tag{name='availabilityZone', value='aps1-az2'}, Tag{name='diskState', value='READY'}, Tag{name='nodeType', value='ELECTABLE'}, Tag{name='provider', value='AWS'}, Tag{name='region', value='AP_SOUTH_1'}, Tag{name='workloadType', value='OPERATIONAL'}]}, electionId=null, setVersion=169, topologyVersion=TopologyVersion{processId=676523f947fd415c443b58e5, counter=5}, lastWriteDate=Sat Dec 21 15:38:49 IST 2024, lastUpdateTimeNanos=1816227657870700} 
15:38:49.798 [cluster-ClusterId{value='676693b1ed38b6355691385b', description='CampusConnect'}-campusconnect-shard-00-00.d2vm8.mongodb.net:27017] INFO  org.mongodb.driver.cluster - Monitor thread successfully connected to server with description ServerDescription{address=campusconnect-shard-00-00.d2vm8.mongodb.net:27017, type=REPLICA_SET_SECONDARY, state=CONNECTED, ok=true, minWireVersion=0, maxWireVersion=25, maxDocumentSize=16777216, logicalSessionTimeoutMinutes=30, roundTripTimeNanos=359837200, setName='atlas-z84o76-shard-0', canonicalAddress=campusconnect-shard-00-00.d2vm8.mongodb.net:27017, hosts=[campusconnect-shard-00-00.d2vm8.mongodb.net:27017, campusconnect-shard-00-01.d2vm8.mongodb.net:27017, campusconnect-shard-00-02.d2vm8.mongodb.net:27017], passives=[], arbiters=[], primary='campusconnect-shard-00-01.d2vm8.mongodb.net:27017', tagSet=TagSet{[Tag{name='availabilityZone', value='aps1-az1'}, Tag{name='diskState', value='READY'}, Tag{name='nodeType', value='ELECTABLE'}, Tag{name='provider', value='AWS'}, Tag{name='region', value='AP_SOUTH_1'}, Tag{name='workloadType', value='OPERATIONAL'}]}, electionId=null, setVersion=169, topologyVersion=TopologyVersion{processId=676522d8a2b54075bb65ad35, counter=5}, lastWriteDate=Sat Dec 21 15:38:49 IST 2024, lastUpdateTimeNanos=1816227657925700} 
15:38:49.799 [cluster-ClusterId{value='676693b1ed38b6355691385b', description='CampusConnect'}-campusconnect-shard-00-01.d2vm8.mongodb.net:27017] INFO  org.mongodb.driver.cluster - Monitor thread successfully connected to server with description ServerDescription{address=campusconnect-shard-00-01.d2vm8.mongodb.net:27017, type=REPLICA_SET_PRIMARY, state=CONNECTED, ok=true, minWireVersion=0, maxWireVersion=25, maxDocumentSize=16777216, logicalSessionTimeoutMinutes=30, roundTripTimeNanos=362838700, setName='atlas-z84o76-shard-0', canonicalAddress=campusconnect-shard-00-01.d2vm8.mongodb.net:27017, hosts=[campusconnect-shard-00-00.d2vm8.mongodb.net:27017, campusconnect-shard-00-01.d2vm8.mongodb.net:27017, campusconnect-shard-00-02.d2vm8.mongodb.net:27017], passives=[], arbiters=[], primary='campusconnect-shard-00-01.d2vm8.mongodb.net:27017', tagSet=TagSet{[Tag{name='availabilityZone', value='aps1-az3'}, Tag{name='diskState', value='READY'}, Tag{name='nodeType', value='ELECTABLE'}, Tag{name='provider', value='AWS'}, Tag{name='region', value='AP_SOUTH_1'}, Tag{name='workloadType', value='OPERATIONAL'}]}, electionId=7fffffff000000000000009a, setVersion=169, topologyVersion=TopologyVersion{processId=676521ef8f0454a02e4a07dc, counter=9}, lastWriteDate=Sat Dec 21 15:38:49 IST 2024, lastUpdateTimeNanos=1816227657853400} 
15:38:49.802 [cluster-ClusterId{value='676693b1ed38b6355691385b', description='CampusConnect'}-campusconnect-shard-00-01.d2vm8.mongodb.net:27017] INFO  org.mongodb.driver.cluster - Discovered replica set primary campusconnect-shard-00-01.d2vm8.mongodb.net:27017 with max election id 7fffffff000000000000009a and max set version 169 
15:38:51.691 [main] INFO  o.a.coyote.http11.Http11NioProtocol - Starting ProtocolHandler ["http-nio-8080"] 
15:38:51.704 [main] INFO  o.s.b.w.e.tomcat.TomcatWebServer - Tomcat started on port 8080 (http) with context path '/' 
15:38:51.711 [main] INFO  c.c.C.CampusConnectApplication - Started CampusConnectApplication in 4.642 seconds (process running for 5.123) 
15:39:02.561 [http-nio-8080-exec-1] INFO  o.a.c.c.C.[Tomcat].[localhost].[/] - Initializing Spring DispatcherServlet 'dispatcherServlet' 
15:39:02.561 [http-nio-8080-exec-1] INFO  o.s.web.servlet.DispatcherServlet - Initializing Servlet 'dispatcherServlet' 
15:39:02.562 [http-nio-8080-exec-1] INFO  o.s.web.servlet.DispatcherServlet - Completed initialization in 1 ms 
15:39:02.619 [http-nio-8080-exec-2] INFO  c.c.C.service.UniversityService - Fetching all students for university ID: 6766899ca4dc57074f3854f1 
15:39:02.619 [http-nio-8080-exec-1] INFO  c.c.C.service.UniversityService - Fetching all students for university ID: 6766899ca4dc57074f3854f1 
15:39:22.152 [http-nio-8080-exec-3] INFO  c.c.C.service.UniversityService - Fetching all students for university ID: 6766899ca4dc57074f3854f1 
15:39:28.157 [http-nio-8080-exec-4] INFO  c.c.C.service.UniversityService - Fetching all students for university ID: 6766899ca4dc57074f3854f1 
15:39:32.154 [http-nio-8080-exec-5] INFO  c.c.C.service.UniversityService - Fetching all students for university ID: 6766899ca4dc57074f3854f1 
15:39:33.965 [http-nio-8080-exec-6] INFO  c.c.C.service.UniversityService - Fetching all students for university ID: 6766899ca4dc57074f3854f1 
15:39:33.965 [http-nio-8080-exec-8] INFO  c.c.C.service.UniversityService - Fetching all students for university ID: 6766899ca4dc57074f3854f1 
15:41:56.151 [http-nio-8080-exec-10] INFO  c.c.C.service.UniversityService - Fetching all students for university ID: 6766899ca4dc57074f3854f1 
15:41:58.573 [http-nio-8080-exec-1] INFO  c.c.C.service.UniversityService - Fetching all students for university ID: 6766899ca4dc57074f3854f1 
15:41:58.575 [http-nio-8080-exec-2] INFO  c.c.C.service.UniversityService - Fetching all students for university ID: 6766899ca4dc57074f3854f1 
15:49:12.048 [http-nio-8080-exec-5] INFO  c.c.C.service.UniversityService - Fetching all universities. 
15:49:12.062 [http-nio-8080-exec-8] INFO  c.c.C.service.UniversityService - Fetching all universities. 
