15:03:38.058 [background-preinit] INFO  o.h.validator.internal.util.Version - HV000001: Hibernate Validator 8.0.1.Final 
15:03:38.140 [main] INFO  c.c.C.CampusConnectApplication - Starting CampusConnectApplication using Java 21.0.5 with PID 5860 (D:\CampusConnect\target\classes started by Himasnhu Golani in D:\CampusConnect) 
15:03:38.142 [main] INFO  c.c.C.CampusConnectApplication - No active profile set, falling back to 1 default profile: "default" 
15:03:38.957 [main] INFO  o.s.d.r.c.RepositoryConfigurationDelegate - Bootstrapping Spring Data MongoDB repositories in DEFAULT mode. 
15:03:39.035 [main] INFO  o.s.d.r.c.RepositoryConfigurationDelegate - Finished Spring Data repository scanning in 72 ms. Found 6 MongoDB repository interfaces. 
15:03:39.667 [main] INFO  o.s.b.w.e.tomcat.TomcatWebServer - Tomcat initialized with port 8080 (http) 
15:03:39.678 [main] INFO  o.a.coyote.http11.Http11NioProtocol - Initializing ProtocolHandler ["http-nio-8080"] 
15:03:39.682 [main] INFO  o.a.catalina.core.StandardService - Starting service [Tomcat] 
15:03:39.682 [main] INFO  o.a.catalina.core.StandardEngine - Starting Servlet engine: [Apache Tomcat/10.1.30] 
15:03:39.736 [main] INFO  o.a.c.c.C.[Tomcat].[localhost].[/] - Initializing Spring embedded WebApplicationContext 
15:03:39.736 [main] INFO  o.s.b.w.s.c.ServletWebServerApplicationContext - Root WebApplicationContext: initialization completed in 1551 ms 
15:03:39.762 [main] ERROR o.s.b.w.e.tomcat.TomcatStarter - Error starting Tomcat context. Exception: org.springframework.beans.factory.UnsatisfiedDependencyException. Message: Error creating bean with name 'authTokenFilter': Unsatisfied dependency expressed through field 'userDetailsService': Error creating bean with name 'securityConfig' defined in file [D:\CampusConnect\target\classes\com\campusconnect\CampusConnect\config\SecurityConfig.class]: Unsatisfied dependency expressed through constructor parameter 1: Error creating bean with name 'authTokenFilter': Requested bean is currently in creation: Is there an unresolvable circular reference? 
15:03:39.783 [main] INFO  o.a.catalina.core.StandardService - Stopping service [Tomcat] 
15:03:39.789 [main] WARN  o.s.b.w.s.c.AnnotationConfigServletWebServerApplicationContext - Exception encountered during context initialization - cancelling refresh attempt: org.springframework.context.ApplicationContextException: Unable to start web server 
15:03:39.798 [main] INFO  o.s.b.a.l.ConditionEvaluationReportLogger - 

Error starting ApplicationContext. To display the condition evaluation report re-run your application with 'debug' enabled. 
15:03:39.816 [main] ERROR o.s.b.d.LoggingFailureAnalysisReporter - 

***************************
APPLICATION FAILED TO START
***************************

Description:

The dependencies of some of the beans in the application context form a cycle:

┌─────┐
|  authTokenFilter (field private org.springframework.security.core.userdetails.UserDetailsService com.campusconnect.CampusConnect.jwt.AuthTokenFilter.userDetailsService)
↑     ↓
|  securityConfig defined in file [D:\CampusConnect\target\classes\com\campusconnect\CampusConnect\config\SecurityConfig.class]
└─────┘


Action:

Relying upon circular references is discouraged and they are prohibited by default. Update your application to remove the dependency cycle between beans. As a last resort, it may be possible to break the cycle automatically by setting spring.main.allow-circular-references to true.
 
15:08:25.542 [background-preinit] INFO  o.h.validator.internal.util.Version - HV000001: Hibernate Validator 8.0.1.Final 
15:08:25.603 [main] INFO  c.c.C.CampusConnectApplication - Starting CampusConnectApplication using Java 21.0.5 with PID 3788 (D:\CampusConnect\target\classes started by Himasnhu Golani in D:\CampusConnect) 
15:08:25.604 [main] INFO  c.c.C.CampusConnectApplication - No active profile set, falling back to 1 default profile: "default" 
15:08:26.401 [main] INFO  o.s.d.r.c.RepositoryConfigurationDelegate - Bootstrapping Spring Data MongoDB repositories in DEFAULT mode. 
15:08:26.474 [main] INFO  o.s.d.r.c.RepositoryConfigurationDelegate - Finished Spring Data repository scanning in 68 ms. Found 6 MongoDB repository interfaces. 
15:08:27.046 [main] INFO  o.s.b.w.e.tomcat.TomcatWebServer - Tomcat initialized with port 8080 (http) 
15:08:27.057 [main] INFO  o.a.coyote.http11.Http11NioProtocol - Initializing ProtocolHandler ["http-nio-8080"] 
15:08:27.061 [main] INFO  o.a.catalina.core.StandardService - Starting service [Tomcat] 
15:08:27.061 [main] INFO  o.a.catalina.core.StandardEngine - Starting Servlet engine: [Apache Tomcat/10.1.30] 
15:08:27.127 [main] INFO  o.a.c.c.C.[Tomcat].[localhost].[/] - Initializing Spring embedded WebApplicationContext 
15:08:27.127 [main] INFO  o.s.b.w.s.c.ServletWebServerApplicationContext - Root WebApplicationContext: initialization completed in 1480 ms 
15:08:27.155 [main] ERROR o.s.b.w.e.tomcat.TomcatStarter - Error starting Tomcat context. Exception: org.springframework.beans.factory.UnsatisfiedDependencyException. Message: Error creating bean with name 'authTokenFilter' defined in file [D:\CampusConnect\target\classes\com\campusconnect\CampusConnect\jwt\AuthTokenFilter.class]: Unsatisfied dependency expressed through constructor parameter 1: Error creating bean with name 'securityConfig' defined in file [D:\CampusConnect\target\classes\com\campusconnect\CampusConnect\config\SecurityConfig.class]: Unsatisfied dependency expressed through constructor parameter 1: Error creating bean with name 'authTokenFilter': Requested bean is currently in creation: Is there an unresolvable circular reference? 
15:08:27.178 [main] INFO  o.a.catalina.core.StandardService - Stopping service [Tomcat] 
15:08:27.187 [main] WARN  o.s.b.w.s.c.AnnotationConfigServletWebServerApplicationContext - Exception encountered during context initialization - cancelling refresh attempt: org.springframework.context.ApplicationContextException: Unable to start web server 
15:08:27.196 [main] INFO  o.s.b.a.l.ConditionEvaluationReportLogger - 

Error starting ApplicationContext. To display the condition evaluation report re-run your application with 'debug' enabled. 
15:08:27.218 [main] ERROR o.s.b.d.LoggingFailureAnalysisReporter - 

***************************
APPLICATION FAILED TO START
***************************

Description:

The dependencies of some of the beans in the application context form a cycle:

┌─────┐
|  authTokenFilter defined in file [D:\CampusConnect\target\classes\com\campusconnect\CampusConnect\jwt\AuthTokenFilter.class]
↑     ↓
|  securityConfig defined in file [D:\CampusConnect\target\classes\com\campusconnect\CampusConnect\config\SecurityConfig.class]
└─────┘


Action:

Despite circular references being allowed, the dependency cycle between beans could not be broken. Update your application to remove the dependency cycle.
 
15:09:24.851 [background-preinit] INFO  o.h.validator.internal.util.Version - HV000001: Hibernate Validator 8.0.1.Final 
15:09:24.917 [main] INFO  c.c.C.CampusConnectApplication - Starting CampusConnectApplication using Java 21.0.5 with PID 32436 (D:\CampusConnect\target\classes started by Himasnhu Golani in D:\CampusConnect) 
15:09:24.918 [main] INFO  c.c.C.CampusConnectApplication - No active profile set, falling back to 1 default profile: "default" 
15:09:25.735 [main] INFO  o.s.d.r.c.RepositoryConfigurationDelegate - Bootstrapping Spring Data MongoDB repositories in DEFAULT mode. 
15:09:25.811 [main] INFO  o.s.d.r.c.RepositoryConfigurationDelegate - Finished Spring Data repository scanning in 71 ms. Found 6 MongoDB repository interfaces. 
15:09:26.399 [main] INFO  o.s.b.w.e.tomcat.TomcatWebServer - Tomcat initialized with port 8080 (http) 
15:09:26.421 [main] INFO  o.a.coyote.http11.Http11NioProtocol - Initializing ProtocolHandler ["http-nio-8080"] 
15:09:26.426 [main] INFO  o.a.catalina.core.StandardService - Starting service [Tomcat] 
15:09:26.427 [main] INFO  o.a.catalina.core.StandardEngine - Starting Servlet engine: [Apache Tomcat/10.1.30] 
15:09:26.490 [main] INFO  o.a.c.c.C.[Tomcat].[localhost].[/] - Initializing Spring embedded WebApplicationContext 
15:09:26.490 [main] INFO  o.s.b.w.s.c.ServletWebServerApplicationContext - Root WebApplicationContext: initialization completed in 1520 ms 
15:09:26.752 [cluster-ClusterId{value='6762984ecf142d205a292207', description='CampusConnect'}-srv-campusconnect.d2vm8.mongodb.net] INFO  org.mongodb.driver.cluster - Adding discovered server campusconnect-shard-00-01.d2vm8.mongodb.net:27017 to client view of cluster 
15:09:26.762 [main] INFO  org.mongodb.driver.client - MongoClient with metadata {"application": {"name": "CampusConnect"}, "driver": {"name": "mongo-java-driver|sync|spring-boot", "version": "5.0.1"}, "os": {"type": "Windows", "name": "Windows 11", "architecture": "amd64", "version": "10.0"}, "platform": "Java/Oracle Corporation/21.0.5+9-LTS-239"} created with settings MongoClientSettings{readPreference=primary, writeConcern=WriteConcern{w=majority, wTimeout=null ms, journal=null}, retryWrites=true, retryReads=true, readConcern=ReadConcern{level=null}, credential=MongoCredential{mechanism=null, userName='campusconnectteamcommon', source='admin', password=<hidden>, mechanismProperties=<hidden>}, transportSettings=null, commandListeners=[], codecRegistry=ProvidersCodecRegistry{codecProviders=[ValueCodecProvider{}, BsonValueCodecProvider{}, DBRefCodecProvider{}, DBObjectCodecProvider{}, DocumentCodecProvider{}, CollectionCodecProvider{}, IterableCodecProvider{}, MapCodecProvider{}, GeoJsonCodecProvider{}, GridFSFileCodecProvider{}, Jsr310CodecProvider{}, JsonObjectCodecProvider{}, BsonCodecProvider{}, EnumCodecProvider{}, com.mongodb.client.model.mql.ExpressionCodecProvider@7cff3f1d, com.mongodb.Jep395RecordCodecProvider@6401188a, com.mongodb.KotlinCodecProvider@33a8c9c9]}, loggerSettings=LoggerSettings{maxDocumentLength=1000}, clusterSettings={hosts=[127.0.0.1:27017], srvHost=campusconnect.d2vm8.mongodb.net, srvServiceName=mongodb, mode=MULTIPLE, requiredClusterType=REPLICA_SET, requiredReplicaSetName='atlas-z84o76-shard-0', serverSelector='null', clusterListeners='[]', serverSelectionTimeout='30000 ms', localThreshold='15 ms'}, socketSettings=SocketSettings{connectTimeoutMS=10000, readTimeoutMS=0, receiveBufferSize=0, proxySettings=ProxySettings{host=null, port=null, username=null, password=null}}, heartbeatSocketSettings=SocketSettings{connectTimeoutMS=10000, readTimeoutMS=10000, receiveBufferSize=0, proxySettings=ProxySettings{host=null, port=null, username=null, password=null}}, connectionPoolSettings=ConnectionPoolSettings{maxSize=100, minSize=0, maxWaitTimeMS=120000, maxConnectionLifeTimeMS=0, maxConnectionIdleTimeMS=0, maintenanceInitialDelayMS=0, maintenanceFrequencyMS=60000, connectionPoolListeners=[], maxConnecting=2}, serverSettings=ServerSettings{heartbeatFrequencyMS=10000, minHeartbeatFrequencyMS=500, serverListeners='[]', serverMonitorListeners='[]'}, sslSettings=SslSettings{enabled=true, invalidHostNameAllowed=false, context=null}, applicationName='CampusConnect', compressorList=[], uuidRepresentation=JAVA_LEGACY, serverApi=null, autoEncryptionSettings=null, dnsClient=null, inetAddressResolver=null, contextProvider=null} 
15:09:26.779 [cluster-ClusterId{value='6762984ecf142d205a292207', description='CampusConnect'}-srv-campusconnect.d2vm8.mongodb.net] INFO  org.mongodb.driver.cluster - Adding discovered server campusconnect-shard-00-02.d2vm8.mongodb.net:27017 to client view of cluster 
15:09:26.785 [cluster-ClusterId{value='6762984ecf142d205a292207', description='CampusConnect'}-srv-campusconnect.d2vm8.mongodb.net] INFO  org.mongodb.driver.cluster - Adding discovered server campusconnect-shard-00-00.d2vm8.mongodb.net:27017 to client view of cluster 
15:09:27.445 [main] INFO  org.mongodb.driver.cluster - Waiting for server to become available for operation with ID 7. Remaining time: 30000 ms. Selector: WritableServerSelector, topology description: {type=REPLICA_SET, servers=[{address=campusconnect-shard-00-01.d2vm8.mongodb.net:27017, type=UNKNOWN, state=CONNECTING}, {address=campusconnect-shard-00-02.d2vm8.mongodb.net:27017, type=UNKNOWN, state=CONNECTING}, {address=campusconnect-shard-00-00.d2vm8.mongodb.net:27017, type=UNKNOWN, state=CONNECTING}]. 
15:09:27.548 [cluster-ClusterId{value='6762984ecf142d205a292207', description='CampusConnect'}-campusconnect-shard-00-01.d2vm8.mongodb.net:27017] INFO  org.mongodb.driver.cluster - Monitor thread successfully connected to server with description ServerDescription{address=campusconnect-shard-00-01.d2vm8.mongodb.net:27017, type=REPLICA_SET_PRIMARY, state=CONNECTED, ok=true, minWireVersion=0, maxWireVersion=25, maxDocumentSize=16777216, logicalSessionTimeoutMinutes=30, roundTripTimeNanos=405737300, setName='atlas-z84o76-shard-0', canonicalAddress=campusconnect-shard-00-01.d2vm8.mongodb.net:27017, hosts=[campusconnect-shard-00-00.d2vm8.mongodb.net:27017, campusconnect-shard-00-01.d2vm8.mongodb.net:27017, campusconnect-shard-00-02.d2vm8.mongodb.net:27017], passives=[], arbiters=[], primary='campusconnect-shard-00-01.d2vm8.mongodb.net:27017', tagSet=TagSet{[Tag{name='availabilityZone', value='aps1-az3'}, Tag{name='diskState', value='READY'}, Tag{name='nodeType', value='ELECTABLE'}, Tag{name='provider', value='AWS'}, Tag{name='region', value='AP_SOUTH_1'}, Tag{name='workloadType', value='OPERATIONAL'}]}, electionId=7fffffff0000000000000094, setVersion=160, topologyVersion=TopologyVersion{processId=6761e69dcbe7c6ed8d8a6b5e, counter=6}, lastWriteDate=Wed Dec 18 15:09:26 IST 2024, lastUpdateTimeNanos=1555248112532500} 
15:09:27.548 [cluster-ClusterId{value='6762984ecf142d205a292207', description='CampusConnect'}-campusconnect-shard-00-00.d2vm8.mongodb.net:27017] INFO  org.mongodb.driver.cluster - Monitor thread successfully connected to server with description ServerDescription{address=campusconnect-shard-00-00.d2vm8.mongodb.net:27017, type=REPLICA_SET_SECONDARY, state=CONNECTED, ok=true, minWireVersion=0, maxWireVersion=25, maxDocumentSize=16777216, logicalSessionTimeoutMinutes=30, roundTripTimeNanos=415211100, setName='atlas-z84o76-shard-0', canonicalAddress=campusconnect-shard-00-00.d2vm8.mongodb.net:27017, hosts=[campusconnect-shard-00-00.d2vm8.mongodb.net:27017, campusconnect-shard-00-01.d2vm8.mongodb.net:27017, campusconnect-shard-00-02.d2vm8.mongodb.net:27017], passives=[], arbiters=[], primary='campusconnect-shard-00-01.d2vm8.mongodb.net:27017', tagSet=TagSet{[Tag{name='availabilityZone', value='aps1-az1'}, Tag{name='diskState', value='READY'}, Tag{name='nodeType', value='ELECTABLE'}, Tag{name='provider', value='AWS'}, Tag{name='region', value='AP_SOUTH_1'}, Tag{name='workloadType', value='OPERATIONAL'}]}, electionId=null, setVersion=160, topologyVersion=TopologyVersion{processId=6761e7b2bdee58f2266bfc64, counter=4}, lastWriteDate=Wed Dec 18 15:09:26 IST 2024, lastUpdateTimeNanos=1555248112532500} 
15:09:27.549 [cluster-ClusterId{value='6762984ecf142d205a292207', description='CampusConnect'}-campusconnect-shard-00-02.d2vm8.mongodb.net:27017] INFO  org.mongodb.driver.cluster - Monitor thread successfully connected to server with description ServerDescription{address=campusconnect-shard-00-02.d2vm8.mongodb.net:27017, type=REPLICA_SET_SECONDARY, state=CONNECTED, ok=true, minWireVersion=0, maxWireVersion=25, maxDocumentSize=16777216, logicalSessionTimeoutMinutes=30, roundTripTimeNanos=415210100, setName='atlas-z84o76-shard-0', canonicalAddress=campusconnect-shard-00-02.d2vm8.mongodb.net:27017, hosts=[campusconnect-shard-00-00.d2vm8.mongodb.net:27017, campusconnect-shard-00-01.d2vm8.mongodb.net:27017, campusconnect-shard-00-02.d2vm8.mongodb.net:27017], passives=[], arbiters=[], primary='campusconnect-shard-00-01.d2vm8.mongodb.net:27017', tagSet=TagSet{[Tag{name='availabilityZone', value='aps1-az2'}, Tag{name='diskState', value='READY'}, Tag{name='nodeType', value='ELECTABLE'}, Tag{name='provider', value='AWS'}, Tag{name='region', value='AP_SOUTH_1'}, Tag{name='workloadType', value='OPERATIONAL'}]}, electionId=null, setVersion=160, topologyVersion=TopologyVersion{processId=6761e95f0b82a75f63eae23f, counter=3}, lastWriteDate=Wed Dec 18 15:09:26 IST 2024, lastUpdateTimeNanos=1555248112532500} 
15:09:27.552 [cluster-ClusterId{value='6762984ecf142d205a292207', description='CampusConnect'}-campusconnect-shard-00-01.d2vm8.mongodb.net:27017] INFO  org.mongodb.driver.cluster - Discovered replica set primary campusconnect-shard-00-01.d2vm8.mongodb.net:27017 with max election id 7fffffff0000000000000094 and max set version 160 
15:09:28.874 [main] INFO  o.s.s.c.a.a.c.InitializeUserDetailsBeanManagerConfigurer$InitializeUserDetailsManagerConfigurer - Global AuthenticationManager configured with UserDetailsService bean with name userDetailsService 
15:09:29.872 [main] INFO  o.a.coyote.http11.Http11NioProtocol - Starting ProtocolHandler ["http-nio-8080"] 
15:09:29.905 [main] INFO  o.s.b.w.e.tomcat.TomcatWebServer - Tomcat started on port 8080 (http) with context path '/' 
15:09:29.919 [main] INFO  c.c.C.CampusConnectApplication - Started CampusConnectApplication in 5.416 seconds (process running for 6.016) 
15:11:41.067 [http-nio-8080-exec-2] INFO  o.a.c.c.C.[Tomcat].[localhost].[/] - Initializing Spring DispatcherServlet 'dispatcherServlet' 
15:11:41.067 [http-nio-8080-exec-2] INFO  o.s.web.servlet.DispatcherServlet - Initializing Servlet 'dispatcherServlet' 
15:11:41.069 [http-nio-8080-exec-2] INFO  o.s.web.servlet.DispatcherServlet - Completed initialization in 0 ms 
15:13:30.521 [background-preinit] INFO  o.h.validator.internal.util.Version - HV000001: Hibernate Validator 8.0.1.Final 
15:13:30.582 [main] INFO  c.c.C.CampusConnectApplication - Starting CampusConnectApplication using Java 21.0.5 with PID 24332 (D:\CampusConnect\target\classes started by Himasnhu Golani in D:\CampusConnect) 
15:13:30.583 [main] INFO  c.c.C.CampusConnectApplication - No active profile set, falling back to 1 default profile: "default" 
15:13:31.380 [main] INFO  o.s.d.r.c.RepositoryConfigurationDelegate - Bootstrapping Spring Data MongoDB repositories in DEFAULT mode. 
15:13:31.456 [main] INFO  o.s.d.r.c.RepositoryConfigurationDelegate - Finished Spring Data repository scanning in 72 ms. Found 6 MongoDB repository interfaces. 
15:13:32.024 [main] INFO  o.s.b.w.e.tomcat.TomcatWebServer - Tomcat initialized with port 8080 (http) 
15:13:32.043 [main] INFO  o.a.coyote.http11.Http11NioProtocol - Initializing ProtocolHandler ["http-nio-8080"] 
15:13:32.047 [main] INFO  o.a.catalina.core.StandardService - Starting service [Tomcat] 
15:13:32.048 [main] INFO  o.a.catalina.core.StandardEngine - Starting Servlet engine: [Apache Tomcat/10.1.30] 
15:13:32.105 [main] INFO  o.a.c.c.C.[Tomcat].[localhost].[/] - Initializing Spring embedded WebApplicationContext 
15:13:32.105 [main] INFO  o.s.b.w.s.c.ServletWebServerApplicationContext - Root WebApplicationContext: initialization completed in 1479 ms 
15:13:32.350 [cluster-ClusterId{value='67629944fbea6012a5eab78d', description='CampusConnect'}-srv-campusconnect.d2vm8.mongodb.net] INFO  org.mongodb.driver.cluster - Adding discovered server campusconnect-shard-00-01.d2vm8.mongodb.net:27017 to client view of cluster 
15:13:32.354 [main] INFO  org.mongodb.driver.client - MongoClient with metadata {"application": {"name": "CampusConnect"}, "driver": {"name": "mongo-java-driver|sync|spring-boot", "version": "5.0.1"}, "os": {"type": "Windows", "name": "Windows 11", "architecture": "amd64", "version": "10.0"}, "platform": "Java/Oracle Corporation/21.0.5+9-LTS-239"} created with settings MongoClientSettings{readPreference=primary, writeConcern=WriteConcern{w=majority, wTimeout=null ms, journal=null}, retryWrites=true, retryReads=true, readConcern=ReadConcern{level=null}, credential=MongoCredential{mechanism=null, userName='campusconnectteamcommon', source='admin', password=<hidden>, mechanismProperties=<hidden>}, transportSettings=null, commandListeners=[], codecRegistry=ProvidersCodecRegistry{codecProviders=[ValueCodecProvider{}, BsonValueCodecProvider{}, DBRefCodecProvider{}, DBObjectCodecProvider{}, DocumentCodecProvider{}, CollectionCodecProvider{}, IterableCodecProvider{}, MapCodecProvider{}, GeoJsonCodecProvider{}, GridFSFileCodecProvider{}, Jsr310CodecProvider{}, JsonObjectCodecProvider{}, BsonCodecProvider{}, EnumCodecProvider{}, com.mongodb.client.model.mql.ExpressionCodecProvider@437bd805, com.mongodb.Jep395RecordCodecProvider@4b88ca8e, com.mongodb.KotlinCodecProvider@6fa02932]}, loggerSettings=LoggerSettings{maxDocumentLength=1000}, clusterSettings={hosts=[127.0.0.1:27017], srvHost=campusconnect.d2vm8.mongodb.net, srvServiceName=mongodb, mode=MULTIPLE, requiredClusterType=REPLICA_SET, requiredReplicaSetName='atlas-z84o76-shard-0', serverSelector='null', clusterListeners='[]', serverSelectionTimeout='30000 ms', localThreshold='15 ms'}, socketSettings=SocketSettings{connectTimeoutMS=10000, readTimeoutMS=0, receiveBufferSize=0, proxySettings=ProxySettings{host=null, port=null, username=null, password=null}}, heartbeatSocketSettings=SocketSettings{connectTimeoutMS=10000, readTimeoutMS=10000, receiveBufferSize=0, proxySettings=ProxySettings{host=null, port=null, username=null, password=null}}, connectionPoolSettings=ConnectionPoolSettings{maxSize=100, minSize=0, maxWaitTimeMS=120000, maxConnectionLifeTimeMS=0, maxConnectionIdleTimeMS=0, maintenanceInitialDelayMS=0, maintenanceFrequencyMS=60000, connectionPoolListeners=[], maxConnecting=2}, serverSettings=ServerSettings{heartbeatFrequencyMS=10000, minHeartbeatFrequencyMS=500, serverListeners='[]', serverMonitorListeners='[]'}, sslSettings=SslSettings{enabled=true, invalidHostNameAllowed=false, context=null}, applicationName='CampusConnect', compressorList=[], uuidRepresentation=JAVA_LEGACY, serverApi=null, autoEncryptionSettings=null, dnsClient=null, inetAddressResolver=null, contextProvider=null} 
15:13:32.372 [cluster-ClusterId{value='67629944fbea6012a5eab78d', description='CampusConnect'}-srv-campusconnect.d2vm8.mongodb.net] INFO  org.mongodb.driver.cluster - Adding discovered server campusconnect-shard-00-02.d2vm8.mongodb.net:27017 to client view of cluster 
15:13:32.376 [cluster-ClusterId{value='67629944fbea6012a5eab78d', description='CampusConnect'}-srv-campusconnect.d2vm8.mongodb.net] INFO  org.mongodb.driver.cluster - Adding discovered server campusconnect-shard-00-00.d2vm8.mongodb.net:27017 to client view of cluster 
15:13:32.860 [main] INFO  org.mongodb.driver.cluster - Waiting for server to become available for operation with ID 7. Remaining time: 30000 ms. Selector: WritableServerSelector, topology description: {type=REPLICA_SET, servers=[{address=campusconnect-shard-00-01.d2vm8.mongodb.net:27017, type=UNKNOWN, state=CONNECTING}, {address=campusconnect-shard-00-02.d2vm8.mongodb.net:27017, type=UNKNOWN, state=CONNECTING}, {address=campusconnect-shard-00-00.d2vm8.mongodb.net:27017, type=UNKNOWN, state=CONNECTING}]. 
15:13:33.018 [cluster-ClusterId{value='67629944fbea6012a5eab78d', description='CampusConnect'}-campusconnect-shard-00-02.d2vm8.mongodb.net:27017] INFO  org.mongodb.driver.cluster - Monitor thread successfully connected to server with description ServerDescription{address=campusconnect-shard-00-02.d2vm8.mongodb.net:27017, type=REPLICA_SET_SECONDARY, state=CONNECTED, ok=true, minWireVersion=0, maxWireVersion=25, maxDocumentSize=16777216, logicalSessionTimeoutMinutes=30, roundTripTimeNanos=377757700, setName='atlas-z84o76-shard-0', canonicalAddress=campusconnect-shard-00-02.d2vm8.mongodb.net:27017, hosts=[campusconnect-shard-00-00.d2vm8.mongodb.net:27017, campusconnect-shard-00-01.d2vm8.mongodb.net:27017, campusconnect-shard-00-02.d2vm8.mongodb.net:27017], passives=[], arbiters=[], primary='campusconnect-shard-00-01.d2vm8.mongodb.net:27017', tagSet=TagSet{[Tag{name='availabilityZone', value='aps1-az2'}, Tag{name='diskState', value='READY'}, Tag{name='nodeType', value='ELECTABLE'}, Tag{name='provider', value='AWS'}, Tag{name='region', value='AP_SOUTH_1'}, Tag{name='workloadType', value='OPERATIONAL'}]}, electionId=null, setVersion=160, topologyVersion=TopologyVersion{processId=6761e95f0b82a75f63eae23f, counter=3}, lastWriteDate=Wed Dec 18 15:13:31 IST 2024, lastUpdateTimeNanos=1555493582103700} 
15:13:33.018 [cluster-ClusterId{value='67629944fbea6012a5eab78d', description='CampusConnect'}-campusconnect-shard-00-00.d2vm8.mongodb.net:27017] INFO  org.mongodb.driver.cluster - Monitor thread successfully connected to server with description ServerDescription{address=campusconnect-shard-00-00.d2vm8.mongodb.net:27017, type=REPLICA_SET_SECONDARY, state=CONNECTED, ok=true, minWireVersion=0, maxWireVersion=25, maxDocumentSize=16777216, logicalSessionTimeoutMinutes=30, roundTripTimeNanos=380540300, setName='atlas-z84o76-shard-0', canonicalAddress=campusconnect-shard-00-00.d2vm8.mongodb.net:27017, hosts=[campusconnect-shard-00-00.d2vm8.mongodb.net:27017, campusconnect-shard-00-01.d2vm8.mongodb.net:27017, campusconnect-shard-00-02.d2vm8.mongodb.net:27017], passives=[], arbiters=[], primary='campusconnect-shard-00-01.d2vm8.mongodb.net:27017', tagSet=TagSet{[Tag{name='availabilityZone', value='aps1-az1'}, Tag{name='diskState', value='READY'}, Tag{name='nodeType', value='ELECTABLE'}, Tag{name='provider', value='AWS'}, Tag{name='region', value='AP_SOUTH_1'}, Tag{name='workloadType', value='OPERATIONAL'}]}, electionId=null, setVersion=160, topologyVersion=TopologyVersion{processId=6761e7b2bdee58f2266bfc64, counter=4}, lastWriteDate=Wed Dec 18 15:13:31 IST 2024, lastUpdateTimeNanos=1555493582103700} 
15:13:33.018 [cluster-ClusterId{value='67629944fbea6012a5eab78d', description='CampusConnect'}-campusconnect-shard-00-01.d2vm8.mongodb.net:27017] INFO  org.mongodb.driver.cluster - Monitor thread successfully connected to server with description ServerDescription{address=campusconnect-shard-00-01.d2vm8.mongodb.net:27017, type=REPLICA_SET_PRIMARY, state=CONNECTED, ok=true, minWireVersion=0, maxWireVersion=25, maxDocumentSize=16777216, logicalSessionTimeoutMinutes=30, roundTripTimeNanos=382743300, setName='atlas-z84o76-shard-0', canonicalAddress=campusconnect-shard-00-01.d2vm8.mongodb.net:27017, hosts=[campusconnect-shard-00-00.d2vm8.mongodb.net:27017, campusconnect-shard-00-01.d2vm8.mongodb.net:27017, campusconnect-shard-00-02.d2vm8.mongodb.net:27017], passives=[], arbiters=[], primary='campusconnect-shard-00-01.d2vm8.mongodb.net:27017', tagSet=TagSet{[Tag{name='availabilityZone', value='aps1-az3'}, Tag{name='diskState', value='READY'}, Tag{name='nodeType', value='ELECTABLE'}, Tag{name='provider', value='AWS'}, Tag{name='region', value='AP_SOUTH_1'}, Tag{name='workloadType', value='OPERATIONAL'}]}, electionId=7fffffff0000000000000094, setVersion=160, topologyVersion=TopologyVersion{processId=6761e69dcbe7c6ed8d8a6b5e, counter=6}, lastWriteDate=Wed Dec 18 15:13:31 IST 2024, lastUpdateTimeNanos=1555493582103600} 
15:13:33.021 [cluster-ClusterId{value='67629944fbea6012a5eab78d', description='CampusConnect'}-campusconnect-shard-00-01.d2vm8.mongodb.net:27017] INFO  org.mongodb.driver.cluster - Discovered replica set primary campusconnect-shard-00-01.d2vm8.mongodb.net:27017 with max election id 7fffffff0000000000000094 and max set version 160 
15:13:34.276 [main] INFO  o.s.s.c.a.a.c.InitializeUserDetailsBeanManagerConfigurer$InitializeUserDetailsManagerConfigurer - Global AuthenticationManager configured with UserDetailsService bean with name userDetailsService 
15:13:35.269 [main] INFO  o.a.coyote.http11.Http11NioProtocol - Starting ProtocolHandler ["http-nio-8080"] 
15:13:35.292 [main] INFO  o.s.b.w.e.tomcat.TomcatWebServer - Tomcat started on port 8080 (http) with context path '/' 
15:13:35.315 [main] INFO  c.c.C.CampusConnectApplication - Started CampusConnectApplication in 5.128 seconds (process running for 5.683) 
15:14:38.070 [http-nio-8080-exec-2] INFO  o.a.c.c.C.[Tomcat].[localhost].[/] - Initializing Spring DispatcherServlet 'dispatcherServlet' 
15:14:38.070 [http-nio-8080-exec-2] INFO  o.s.web.servlet.DispatcherServlet - Initializing Servlet 'dispatcherServlet' 
15:14:38.072 [http-nio-8080-exec-2] INFO  o.s.web.servlet.DispatcherServlet - Completed initialization in 2 ms 
15:18:23.371 [background-preinit] INFO  o.h.validator.internal.util.Version - HV000001: Hibernate Validator 8.0.1.Final 
15:18:23.427 [main] INFO  c.c.C.CampusConnectApplication - Starting CampusConnectApplication using Java 21.0.5 with PID 29992 (D:\CampusConnect\target\classes started by Himasnhu Golani in D:\CampusConnect) 
15:18:23.428 [main] INFO  c.c.C.CampusConnectApplication - No active profile set, falling back to 1 default profile: "default" 
15:18:24.240 [main] INFO  o.s.d.r.c.RepositoryConfigurationDelegate - Bootstrapping Spring Data MongoDB repositories in DEFAULT mode. 
15:18:24.314 [main] INFO  o.s.d.r.c.RepositoryConfigurationDelegate - Finished Spring Data repository scanning in 69 ms. Found 6 MongoDB repository interfaces. 
15:18:24.940 [main] INFO  o.s.b.w.e.tomcat.TomcatWebServer - Tomcat initialized with port 8080 (http) 
15:18:24.953 [main] INFO  o.a.coyote.http11.Http11NioProtocol - Initializing ProtocolHandler ["http-nio-8080"] 
15:18:24.958 [main] INFO  o.a.catalina.core.StandardService - Starting service [Tomcat] 
15:18:24.958 [main] INFO  o.a.catalina.core.StandardEngine - Starting Servlet engine: [Apache Tomcat/10.1.30] 
15:18:25.022 [main] INFO  o.a.c.c.C.[Tomcat].[localhost].[/] - Initializing Spring embedded WebApplicationContext 
15:18:25.023 [main] INFO  o.s.b.w.s.c.ServletWebServerApplicationContext - Root WebApplicationContext: initialization completed in 1545 ms 
15:18:25.276 [cluster-ClusterId{value='67629a698234814cb6e34f6f', description='CampusConnect'}-srv-campusconnect.d2vm8.mongodb.net] INFO  org.mongodb.driver.cluster - Adding discovered server campusconnect-shard-00-01.d2vm8.mongodb.net:27017 to client view of cluster 
15:18:25.279 [main] INFO  org.mongodb.driver.client - MongoClient with metadata {"application": {"name": "CampusConnect"}, "driver": {"name": "mongo-java-driver|sync|spring-boot", "version": "5.0.1"}, "os": {"type": "Windows", "name": "Windows 11", "architecture": "amd64", "version": "10.0"}, "platform": "Java/Oracle Corporation/21.0.5+9-LTS-239"} created with settings MongoClientSettings{readPreference=primary, writeConcern=WriteConcern{w=majority, wTimeout=null ms, journal=null}, retryWrites=true, retryReads=true, readConcern=ReadConcern{level=null}, credential=MongoCredential{mechanism=null, userName='campusconnectteamcommon', source='admin', password=<hidden>, mechanismProperties=<hidden>}, transportSettings=null, commandListeners=[], codecRegistry=ProvidersCodecRegistry{codecProviders=[ValueCodecProvider{}, BsonValueCodecProvider{}, DBRefCodecProvider{}, DBObjectCodecProvider{}, DocumentCodecProvider{}, CollectionCodecProvider{}, IterableCodecProvider{}, MapCodecProvider{}, GeoJsonCodecProvider{}, GridFSFileCodecProvider{}, Jsr310CodecProvider{}, JsonObjectCodecProvider{}, BsonCodecProvider{}, EnumCodecProvider{}, com.mongodb.client.model.mql.ExpressionCodecProvider@7cff3f1d, com.mongodb.Jep395RecordCodecProvider@6401188a, com.mongodb.KotlinCodecProvider@33a8c9c9]}, loggerSettings=LoggerSettings{maxDocumentLength=1000}, clusterSettings={hosts=[127.0.0.1:27017], srvHost=campusconnect.d2vm8.mongodb.net, srvServiceName=mongodb, mode=MULTIPLE, requiredClusterType=REPLICA_SET, requiredReplicaSetName='atlas-z84o76-shard-0', serverSelector='null', clusterListeners='[]', serverSelectionTimeout='30000 ms', localThreshold='15 ms'}, socketSettings=SocketSettings{connectTimeoutMS=10000, readTimeoutMS=0, receiveBufferSize=0, proxySettings=ProxySettings{host=null, port=null, username=null, password=null}}, heartbeatSocketSettings=SocketSettings{connectTimeoutMS=10000, readTimeoutMS=10000, receiveBufferSize=0, proxySettings=ProxySettings{host=null, port=null, username=null, password=null}}, connectionPoolSettings=ConnectionPoolSettings{maxSize=100, minSize=0, maxWaitTimeMS=120000, maxConnectionLifeTimeMS=0, maxConnectionIdleTimeMS=0, maintenanceInitialDelayMS=0, maintenanceFrequencyMS=60000, connectionPoolListeners=[], maxConnecting=2}, serverSettings=ServerSettings{heartbeatFrequencyMS=10000, minHeartbeatFrequencyMS=500, serverListeners='[]', serverMonitorListeners='[]'}, sslSettings=SslSettings{enabled=true, invalidHostNameAllowed=false, context=null}, applicationName='CampusConnect', compressorList=[], uuidRepresentation=JAVA_LEGACY, serverApi=null, autoEncryptionSettings=null, dnsClient=null, inetAddressResolver=null, contextProvider=null} 
15:18:25.297 [cluster-ClusterId{value='67629a698234814cb6e34f6f', description='CampusConnect'}-srv-campusconnect.d2vm8.mongodb.net] INFO  org.mongodb.driver.cluster - Adding discovered server campusconnect-shard-00-02.d2vm8.mongodb.net:27017 to client view of cluster 
15:18:25.300 [cluster-ClusterId{value='67629a698234814cb6e34f6f', description='CampusConnect'}-srv-campusconnect.d2vm8.mongodb.net] INFO  org.mongodb.driver.cluster - Adding discovered server campusconnect-shard-00-00.d2vm8.mongodb.net:27017 to client view of cluster 
15:18:25.785 [main] INFO  org.mongodb.driver.cluster - Waiting for server to become available for operation with ID 7. Remaining time: 30000 ms. Selector: WritableServerSelector, topology description: {type=REPLICA_SET, servers=[{address=campusconnect-shard-00-01.d2vm8.mongodb.net:27017, type=UNKNOWN, state=CONNECTING}, {address=campusconnect-shard-00-02.d2vm8.mongodb.net:27017, type=UNKNOWN, state=CONNECTING}, {address=campusconnect-shard-00-00.d2vm8.mongodb.net:27017, type=UNKNOWN, state=CONNECTING}]. 
15:18:25.986 [cluster-ClusterId{value='67629a698234814cb6e34f6f', description='CampusConnect'}-campusconnect-shard-00-02.d2vm8.mongodb.net:27017] INFO  org.mongodb.driver.cluster - Monitor thread successfully connected to server with description ServerDescription{address=campusconnect-shard-00-02.d2vm8.mongodb.net:27017, type=REPLICA_SET_SECONDARY, state=CONNECTED, ok=true, minWireVersion=0, maxWireVersion=25, maxDocumentSize=16777216, logicalSessionTimeoutMinutes=30, roundTripTimeNanos=426674800, setName='atlas-z84o76-shard-0', canonicalAddress=campusconnect-shard-00-02.d2vm8.mongodb.net:27017, hosts=[campusconnect-shard-00-00.d2vm8.mongodb.net:27017, campusconnect-shard-00-01.d2vm8.mongodb.net:27017, campusconnect-shard-00-02.d2vm8.mongodb.net:27017], passives=[], arbiters=[], primary='campusconnect-shard-00-01.d2vm8.mongodb.net:27017', tagSet=TagSet{[Tag{name='availabilityZone', value='aps1-az2'}, Tag{name='diskState', value='READY'}, Tag{name='nodeType', value='ELECTABLE'}, Tag{name='provider', value='AWS'}, Tag{name='region', value='AP_SOUTH_1'}, Tag{name='workloadType', value='OPERATIONAL'}]}, electionId=null, setVersion=160, topologyVersion=TopologyVersion{processId=6761e95f0b82a75f63eae23f, counter=3}, lastWriteDate=Wed Dec 18 15:18:24 IST 2024, lastUpdateTimeNanos=1555786549629700} 
15:18:25.987 [cluster-ClusterId{value='67629a698234814cb6e34f6f', description='CampusConnect'}-campusconnect-shard-00-01.d2vm8.mongodb.net:27017] INFO  org.mongodb.driver.cluster - Monitor thread successfully connected to server with description ServerDescription{address=campusconnect-shard-00-01.d2vm8.mongodb.net:27017, type=REPLICA_SET_PRIMARY, state=CONNECTED, ok=true, minWireVersion=0, maxWireVersion=25, maxDocumentSize=16777216, logicalSessionTimeoutMinutes=30, roundTripTimeNanos=426749000, setName='atlas-z84o76-shard-0', canonicalAddress=campusconnect-shard-00-01.d2vm8.mongodb.net:27017, hosts=[campusconnect-shard-00-00.d2vm8.mongodb.net:27017, campusconnect-shard-00-01.d2vm8.mongodb.net:27017, campusconnect-shard-00-02.d2vm8.mongodb.net:27017], passives=[], arbiters=[], primary='campusconnect-shard-00-01.d2vm8.mongodb.net:27017', tagSet=TagSet{[Tag{name='availabilityZone', value='aps1-az3'}, Tag{name='diskState', value='READY'}, Tag{name='nodeType', value='ELECTABLE'}, Tag{name='provider', value='AWS'}, Tag{name='region', value='AP_SOUTH_1'}, Tag{name='workloadType', value='OPERATIONAL'}]}, electionId=7fffffff0000000000000094, setVersion=160, topologyVersion=TopologyVersion{processId=6761e69dcbe7c6ed8d8a6b5e, counter=6}, lastWriteDate=Wed Dec 18 15:18:24 IST 2024, lastUpdateTimeNanos=1555786549629800} 
15:18:25.987 [cluster-ClusterId{value='67629a698234814cb6e34f6f', description='CampusConnect'}-campusconnect-shard-00-00.d2vm8.mongodb.net:27017] INFO  org.mongodb.driver.cluster - Monitor thread successfully connected to server with description ServerDescription{address=campusconnect-shard-00-00.d2vm8.mongodb.net:27017, type=REPLICA_SET_SECONDARY, state=CONNECTED, ok=true, minWireVersion=0, maxWireVersion=25, maxDocumentSize=16777216, logicalSessionTimeoutMinutes=30, roundTripTimeNanos=426947700, setName='atlas-z84o76-shard-0', canonicalAddress=campusconnect-shard-00-00.d2vm8.mongodb.net:27017, hosts=[campusconnect-shard-00-00.d2vm8.mongodb.net:27017, campusconnect-shard-00-01.d2vm8.mongodb.net:27017, campusconnect-shard-00-02.d2vm8.mongodb.net:27017], passives=[], arbiters=[], primary='campusconnect-shard-00-01.d2vm8.mongodb.net:27017', tagSet=TagSet{[Tag{name='availabilityZone', value='aps1-az1'}, Tag{name='diskState', value='READY'}, Tag{name='nodeType', value='ELECTABLE'}, Tag{name='provider', value='AWS'}, Tag{name='region', value='AP_SOUTH_1'}, Tag{name='workloadType', value='OPERATIONAL'}]}, electionId=null, setVersion=160, topologyVersion=TopologyVersion{processId=6761e7b2bdee58f2266bfc64, counter=4}, lastWriteDate=Wed Dec 18 15:18:24 IST 2024, lastUpdateTimeNanos=1555786549898000} 
15:18:25.990 [cluster-ClusterId{value='67629a698234814cb6e34f6f', description='CampusConnect'}-campusconnect-shard-00-01.d2vm8.mongodb.net:27017] INFO  org.mongodb.driver.cluster - Discovered replica set primary campusconnect-shard-00-01.d2vm8.mongodb.net:27017 with max election id 7fffffff0000000000000094 and max set version 160 
15:18:27.085 [main] INFO  o.s.s.c.a.a.c.InitializeUserDetailsBeanManagerConfigurer$InitializeUserDetailsManagerConfigurer - Global AuthenticationManager configured with UserDetailsService bean with name userDetailsService 
15:18:27.816 [main] INFO  o.a.coyote.http11.Http11NioProtocol - Starting ProtocolHandler ["http-nio-8080"] 
15:18:27.834 [main] INFO  o.s.b.w.e.tomcat.TomcatWebServer - Tomcat started on port 8080 (http) with context path '/' 
15:18:27.842 [main] INFO  c.c.C.CampusConnectApplication - Started CampusConnectApplication in 4.799 seconds (process running for 5.356) 
15:18:29.954 [http-nio-8080-exec-3] INFO  o.a.c.c.C.[Tomcat].[localhost].[/] - Initializing Spring DispatcherServlet 'dispatcherServlet' 
15:18:29.955 [http-nio-8080-exec-3] INFO  o.s.web.servlet.DispatcherServlet - Initializing Servlet 'dispatcherServlet' 
15:18:29.958 [http-nio-8080-exec-3] INFO  o.s.web.servlet.DispatcherServlet - Completed initialization in 3 ms 
